04-11-2020 15:36:23 INFO [CucumberRunner]: Executing Before Suite
04-11-2020 15:36:23 INFO [CucumberRunner]: Executing Before Test
04-11-2020 15:36:23 INFO [BrowserFactory]: Creating Browser Factory Instance
04-11-2020 15:36:23 INFO [BrowserFactory]: Creating Browser Instance Chrome
04-11-2020 15:36:23 INFO [BrowserFactory]: Setting Execution Country UAE
04-11-2020 15:36:23 INFO [BrowserFactory]: Setting Execution language EN
04-11-2020 15:36:24 INFO [Hooks]: Before Scenario Execution
04-11-2020 15:36:24 INFO [CucumberRunner]: identifying browser to launch
04-11-2020 15:36:24 INFO [CucumberRunner]: loading property file
04-11-2020 15:36:24 INFO [Config]: Creating config object
04-11-2020 15:36:24 INFO [Config]: Setting Config Path
04-11-2020 15:36:24 INFO [CucumberRunner]: OS = Windows
04-11-2020 15:36:24 INFO [BrowserFactory]: Creating Browser Factory Instance
04-11-2020 15:36:24 INFO [BrowserFactory]: Returning Browser Instance
04-11-2020 15:36:24 INFO [BrowserFactory]: Creating Chrome Driver Instance
04-11-2020 15:36:28 INFO [CucumberRunner]: maximizing browser window
04-11-2020 15:36:28 INFO [BrowserFactory]: Returning Driver Instance
04-11-2020 15:36:30 INFO [Config]: getting implicit wait from property file in sec
04-11-2020 15:36:30 INFO [CucumberRunner]: Setting up implicit wait in secs 15
04-11-2020 15:36:30 INFO [BrowserFactory]: Returning Driver Instance
04-11-2020 15:36:30 INFO [CucumberRunner]: Clearing browser cookies
04-11-2020 15:36:30 INFO [BrowserFactory]: Returning Driver Instance
04-11-2020 15:36:30 INFO [BrowserFactory]: Getting Execution Country
04-11-2020 15:36:30 INFO [BrowserFactory]: Getting Execution language
04-11-2020 15:36:30 INFO [CucumberRunner]: Setting up browser url for country UAE, language EN and environment as stage
04-11-2020 15:36:30 INFO [CucumberRunner]: loading property file
04-11-2020 15:36:30 INFO [Config]: Creating config object
04-11-2020 15:36:30 INFO [Config]: Setting Config Path
04-11-2020 15:36:30 INFO [Config]: getting base URL from property file
04-11-2020 15:36:30 INFO [Config]: the site URL for given country UAE and language EN is https://en-ae-stage.6tst.com
04-11-2020 15:36:30 INFO [BrowserFactory]: Returning Driver Instance
04-11-2020 15:36:39 INFO [Config]: Setting Config object if null
04-11-2020 15:36:39 INFO [Config]: Creating config object
04-11-2020 15:36:39 INFO [Config]: Setting Config Path
04-11-2020 15:36:39 INFO [Config]: getting explicit wait from property file in sec
04-11-2020 15:36:39 INFO [Config]: Setting Config object if null
04-11-2020 15:36:39 INFO [Config]: Creating config object
04-11-2020 15:36:39 INFO [Config]: Setting Config Path
04-11-2020 15:36:39 INFO [Config]: getting explicit wait from property file in sec
04-11-2020 15:36:39 INFO [Config]: Setting Config object if null
04-11-2020 15:36:39 INFO [Config]: Creating config object
04-11-2020 15:36:39 INFO [Config]: Setting Config Path
04-11-2020 15:36:39 INFO [Config]: getting explicit wait from property file in sec
04-11-2020 15:36:39 INFO [Config]: Setting Config object if null
04-11-2020 15:36:39 INFO [Config]: Creating config object
04-11-2020 15:36:39 INFO [Config]: Setting Config Path
04-11-2020 15:36:39 INFO [Config]: getting explicit wait from property file in sec
04-11-2020 15:36:39 INFO [BrowserFactory]: Returning Driver Instance
04-11-2020 15:36:39 INFO [BrowserFactory]: Returning Driver Instance
04-11-2020 15:36:39 INFO [Config]: Setting Config object if null
04-11-2020 15:36:39 INFO [Config]: Creating config object
04-11-2020 15:36:39 INFO [Config]: Setting Config Path
04-11-2020 15:36:39 INFO [Config]: getting explicit wait from property file in sec
04-11-2020 15:36:39 INFO [Config]: Setting Config object if null
04-11-2020 15:36:39 INFO [Config]: Creating config object
04-11-2020 15:36:39 INFO [Config]: Setting Config Path
04-11-2020 15:36:39 INFO [Config]: getting explicit wait from property file in sec
04-11-2020 15:36:39 INFO [BrowserFactory]: Returning Driver Instance
04-11-2020 15:36:39 INFO [WaitHelper]: fluentwaitForvisibilityOfElement[[ChromeDriver: chrome on WINDOWS (9c44abf7cbb3c92230e44af9e9970a43)] -> xpath: //div[@class='logo']//img]
04-11-2020 15:36:39 INFO [BrowserFactory]: Returning Driver Instance
04-11-2020 15:36:39 INFO [WaitHelper]: element found...
04-11-2020 15:36:39 INFO [WaitHelper]: Waiting for 5000 ms
04-11-2020 15:36:44 INFO [Config]: Setting Config object if null
04-11-2020 15:36:44 INFO [Config]: Creating config object
04-11-2020 15:36:44 INFO [Config]: Setting Config Path
04-11-2020 15:36:44 INFO [Config]: getting explicit wait from property file in sec
04-11-2020 15:36:44 INFO [Config]: Setting Config object if null
04-11-2020 15:36:44 INFO [Config]: Creating config object
04-11-2020 15:36:44 INFO [Config]: Setting Config Path
04-11-2020 15:36:44 INFO [Config]: getting explicit wait from property file in sec
04-11-2020 15:36:44 INFO [BrowserFactory]: Returning Driver Instance
04-11-2020 15:36:59 INFO [WaitHelper]: waitForInvisibilityOfElementProxy element for: DefaultElementLocator 'By.xpath: //span[@id='minicart-counter']'
04-11-2020 15:36:59 INFO [BrowserFactory]: Returning Driver Instance
04-11-2020 15:37:45 INFO [HomePage]: minicart disappeared
04-11-2020 15:37:45 INFO [HomePage]: home page is banner loaded
04-11-2020 15:37:45 INFO [CommonMethods]: Moving to element and clicking [[ChromeDriver: chrome on WINDOWS (9c44abf7cbb3c92230e44af9e9970a43)] -> xpath: //span[@class='login-label']]
04-11-2020 15:37:45 INFO [BrowserFactory]: Returning Driver Instance
04-11-2020 15:37:45 INFO [LoginPage]: login or registered label in header clicked
04-11-2020 15:37:45 INFO [Config]: Setting Config object if null
04-11-2020 15:37:45 INFO [Config]: Creating config object
04-11-2020 15:37:45 INFO [Config]: Setting Config Path
04-11-2020 15:37:45 INFO [Config]: getting explicit wait from property file in sec
04-11-2020 15:37:45 INFO [Config]: Setting Config object if null
04-11-2020 15:37:45 INFO [Config]: Creating config object
04-11-2020 15:37:45 INFO [Config]: Setting Config Path
04-11-2020 15:37:45 INFO [Config]: getting explicit wait from property file in sec
04-11-2020 15:37:45 INFO [Config]: Setting Config object if null
04-11-2020 15:37:45 INFO [Config]: Creating config object
04-11-2020 15:37:45 INFO [Config]: Setting Config Path
04-11-2020 15:37:45 INFO [Config]: getting explicit wait from property file in sec
04-11-2020 15:37:45 INFO [Config]: Setting Config object if null
04-11-2020 15:37:45 INFO [Config]: Creating config object
04-11-2020 15:37:45 INFO [Config]: Setting Config Path
04-11-2020 15:37:45 INFO [Config]: getting explicit wait from property file in sec
04-11-2020 15:37:45 INFO [BrowserFactory]: Returning Driver Instance
04-11-2020 15:37:45 INFO [BrowserFactory]: Returning Driver Instance
04-11-2020 15:37:45 INFO [Config]: Setting Config object if null
04-11-2020 15:37:45 INFO [Config]: Creating config object
04-11-2020 15:37:45 INFO [Config]: Setting Config Path
04-11-2020 15:37:45 INFO [Config]: getting explicit wait from property file in sec
04-11-2020 15:37:45 INFO [Config]: Setting Config object if null
04-11-2020 15:37:45 INFO [Config]: Creating config object
04-11-2020 15:37:45 INFO [Config]: Setting Config Path
04-11-2020 15:37:45 INFO [Config]: getting explicit wait from property file in sec
04-11-2020 15:37:45 INFO [BrowserFactory]: Returning Driver Instance
04-11-2020 15:37:45 INFO [Config]: Setting Config object if null
04-11-2020 15:37:45 INFO [Config]: Creating config object
04-11-2020 15:37:45 INFO [Config]: Setting Config Path
04-11-2020 15:37:45 INFO [Config]: getting explicit wait from property file in sec
04-11-2020 15:37:45 INFO [Config]: Setting Config object if null
04-11-2020 15:37:45 INFO [Config]: Creating config object
04-11-2020 15:37:45 INFO [Config]: Setting Config Path
04-11-2020 15:37:45 INFO [Config]: getting explicit wait from property file in sec
04-11-2020 15:37:45 INFO [Config]: Setting Config object if null
04-11-2020 15:37:45 INFO [Config]: Creating config object
04-11-2020 15:37:45 INFO [Config]: Setting Config Path
04-11-2020 15:37:45 INFO [Config]: getting explicit wait from property file in sec
04-11-2020 15:37:45 INFO [Config]: Setting Config object if null
04-11-2020 15:37:45 INFO [Config]: Creating config object
04-11-2020 15:37:45 INFO [Config]: Setting Config Path
04-11-2020 15:37:45 INFO [Config]: getting explicit wait from property file in sec
04-11-2020 15:37:45 INFO [Config]: Setting Config object if null
04-11-2020 15:37:45 INFO [Config]: Creating config object
04-11-2020 15:37:45 INFO [Config]: Setting Config Path
04-11-2020 15:37:45 INFO [Config]: getting explicit wait from property file in sec
04-11-2020 15:37:45 INFO [BrowserFactory]: Returning Driver Instance
04-11-2020 15:37:45 INFO [BrowserFactory]: Returning Driver Instance
04-11-2020 15:37:45 INFO [Config]: Setting Config object if null
04-11-2020 15:37:45 INFO [Config]: Creating config object
04-11-2020 15:37:45 INFO [Config]: Setting Config Path
04-11-2020 15:37:45 INFO [Config]: getting explicit wait from property file in sec
04-11-2020 15:37:45 INFO [Config]: Setting Config object if null
04-11-2020 15:37:45 INFO [Config]: Creating config object
04-11-2020 15:37:45 INFO [Config]: Setting Config Path
04-11-2020 15:37:45 INFO [Config]: getting explicit wait from property file in sec
04-11-2020 15:37:45 INFO [BrowserFactory]: Returning Driver Instance
04-11-2020 15:37:45 INFO [Config]: Setting Config object if null
04-11-2020 15:37:45 INFO [Config]: Creating config object
04-11-2020 15:37:45 INFO [Config]: Setting Config Path
04-11-2020 15:37:45 INFO [Config]: getting explicit wait from property file in sec
04-11-2020 15:37:45 INFO [BrowserFactory]: Returning Driver Instance
04-11-2020 15:37:45 INFO [Config]: Setting Config object if null
04-11-2020 15:37:45 INFO [Config]: Creating config object
04-11-2020 15:37:45 INFO [Config]: Setting Config Path
04-11-2020 15:37:45 INFO [Config]: getting explicit wait from property file in sec
04-11-2020 15:37:45 INFO [BrowserFactory]: Returning Driver Instance
04-11-2020 15:37:45 INFO [Config]: Setting Config object if null
04-11-2020 15:37:45 INFO [Config]: Creating config object
04-11-2020 15:37:45 INFO [Config]: Setting Config Path
04-11-2020 15:37:45 INFO [Config]: getting explicit wait from property file in sec
04-11-2020 15:37:45 INFO [Config]: Setting Config object if null
04-11-2020 15:37:45 INFO [Config]: Creating config object
04-11-2020 15:37:45 INFO [Config]: Setting Config Path
04-11-2020 15:37:45 INFO [Config]: getting explicit wait from property file in sec
04-11-2020 15:37:45 INFO [Config]: Setting Config object if null
04-11-2020 15:37:45 INFO [Config]: Creating config object
04-11-2020 15:37:45 INFO [Config]: Setting Config Path
04-11-2020 15:37:45 INFO [Config]: getting explicit wait from property file in sec
04-11-2020 15:37:45 INFO [Config]: Setting Config object if null
04-11-2020 15:37:45 INFO [Config]: Creating config object
04-11-2020 15:37:45 INFO [Config]: Setting Config Path
04-11-2020 15:37:45 INFO [Config]: getting explicit wait from property file in sec
04-11-2020 15:37:45 INFO [Config]: Setting Config object if null
04-11-2020 15:37:45 INFO [Config]: Creating config object
04-11-2020 15:37:45 INFO [Config]: Setting Config Path
04-11-2020 15:37:45 INFO [Config]: getting explicit wait from property file in sec
04-11-2020 15:37:45 INFO [BrowserFactory]: Returning Driver Instance
04-11-2020 15:37:45 INFO [BrowserFactory]: Returning Driver Instance
04-11-2020 15:37:45 INFO [Config]: Setting Config object if null
04-11-2020 15:37:45 INFO [Config]: Creating config object
04-11-2020 15:37:45 INFO [Config]: Setting Config Path
04-11-2020 15:37:45 INFO [Config]: getting explicit wait from property file in sec
04-11-2020 15:37:45 INFO [Config]: Setting Config object if null
04-11-2020 15:37:45 INFO [Config]: Creating config object
04-11-2020 15:37:45 INFO [Config]: Setting Config Path
04-11-2020 15:37:45 INFO [Config]: getting explicit wait from property file in sec
04-11-2020 15:37:45 INFO [BrowserFactory]: Returning Driver Instance
04-11-2020 15:37:45 INFO [Config]: Setting Config object if null
04-11-2020 15:37:45 INFO [Config]: Creating config object
04-11-2020 15:37:45 INFO [Config]: Setting Config Path
04-11-2020 15:37:45 INFO [Config]: getting explicit wait from property file in sec
04-11-2020 15:37:45 INFO [Config]: Setting Config object if null
04-11-2020 15:37:45 INFO [Config]: Creating config object
04-11-2020 15:37:45 INFO [Config]: Setting Config Path
04-11-2020 15:37:45 INFO [Config]: getting explicit wait from property file in sec
04-11-2020 15:37:45 INFO [BrowserFactory]: Returning Driver Instance
04-11-2020 15:37:45 INFO [BrowserFactory]: Returning Driver Instance
04-11-2020 15:37:45 INFO [Config]: Setting Config object if null
04-11-2020 15:37:45 INFO [Config]: Creating config object
04-11-2020 15:37:45 INFO [Config]: Setting Config Path
04-11-2020 15:37:45 INFO [Config]: getting explicit wait from property file in sec
04-11-2020 15:39:45 INFO [GenericHelper]: checking whether element is present
04-11-2020 15:39:45 INFO [Config]: Setting Config object if null
04-11-2020 15:39:45 INFO [Config]: Creating config object
04-11-2020 15:39:45 INFO [Config]: Setting Config Path
04-11-2020 15:39:45 INFO [Config]: getting explicit wait from property file in sec
04-11-2020 15:40:00 INFO [WaitHelper]: fluentwaitForvisibilityOfElementProxy element for: DefaultElementLocator 'By.xpath: //input[contains(@class,'storecredit')]/parent::div'
04-11-2020 15:40:00 INFO [BrowserFactory]: Returning Driver Instance
04-11-2020 15:40:46 INFO [GenericHelper]: org.openqa.selenium.TimeoutException: Expected condition failed: waiting for visibility of Proxy element for: DefaultElementLocator 'By.xpath: //input[contains(@class,'storecredit')]/parent::div' (tried for 30 second(s) with 500 milliseconds interval)
04-11-2020 15:40:46 INFO [GenericHelper]: checking whether element is present
04-11-2020 15:40:46 INFO [Config]: Setting Config object if null
04-11-2020 15:40:46 INFO [Config]: Creating config object
04-11-2020 15:40:46 INFO [Config]: Setting Config Path
04-11-2020 15:40:46 INFO [Config]: getting explicit wait from property file in sec
04-11-2020 15:41:01 INFO [WaitHelper]: fluentwaitForvisibilityOfElementProxy element for: DefaultElementLocator 'By.xpath: //div[contains(@class,'ca-code')]//div[@class='switch-toggle-main']'
04-11-2020 15:41:01 INFO [BrowserFactory]: Returning Driver Instance
04-11-2020 15:41:47 INFO [GenericHelper]: org.openqa.selenium.TimeoutException: Expected condition failed: waiting for visibility of Proxy element for: DefaultElementLocator 'By.xpath: //div[contains(@class,'ca-code')]//div[@class='switch-toggle-main']' (tried for 30 second(s) with 500 milliseconds interval)
04-11-2020 15:41:47 INFO [Hooks]: After Scenario Execution
04-11-2020 15:41:47 INFO [CucumberRunner]: Attaching screenshot to cucumber html report
04-11-2020 15:41:47 INFO [BrowserFactory]: Returning Driver Instance
04-11-2020 15:41:48 INFO [CucumberRunner]: Closing all browser instances
04-11-2020 15:41:48 INFO [BrowserFactory]: Returning Driver Instance
04-11-2020 15:41:49 INFO [CucumberRunner]: Generating reports after suite execution
04-11-2020 15:41:49 INFO [ReportHelper]: Generating Cucumber Reports
04-11-2020 15:41:50 INFO [ReportHelper]: configuring extent reports
